#-----------------------------------------------------------
# Vivado v2020.1 (64-bit)
# SW Build 2902540 on Wed May 27 19:54:49 MDT 2020
# IP Build 2902112 on Wed May 27 22:43:36 MDT 2020
# Start of session at: Sat Nov 28 00:00:56 2020
# Process ID: 8652
# Current directory: C:/Users/Aduan/VivadoPro/project_count12
# Command line: vivado.exe -gui_launcher_event rodinguilauncherevent8320 C:\Users\Aduan\VivadoPro\project_count12\project_count12.xpr
# Log file: C:/Users/Aduan/VivadoPro/project_count12/vivado.log
# Journal file: C:/Users/Aduan/VivadoPro/project_count12\vivado.jou
#-----------------------------------------------------------
start_gui
open_project C:/Users/Aduan/VivadoPro/project_count12/project_count12.xpr
INFO: [Common 17-41] Interrupt caught. Command should exit soon.
INFO: [Common 17-344] 'open_project' was cancelled
exit
INFO: [Common 17-206] Exiting Vivado at Sat Nov 28 00:01:37 2020...
ado IP repository 'C:/Xilinx/Vivado/2020.1/data/ip'.
open_project: Time (s): cpu = 00:00:21 ; elapsed = 00:00:09 . Memory (MB): peak = 1067.293 ; gain = 0.000
update_compile_order -fileset sources_1
set_property top sim_count12 [get_filesets sim_1]
set_property top_lib xil_defaultlib [get_filesets sim_1]
set_property top count12 [current_fileset]
update_compile_order -fileset sim_1
update_compile_order -fileset sources_1
exit
INFO: [Common 17-206] Exiting Vivado at Sat Nov 28 00:04:01 2020...
