Copyright 1986-2020 Xilinx, Inc. All Rights Reserved.
--------------------------------------------------------------------------------------------------------------------------------------------------
| Tool Version : Vivado v.2020.1 (win64) Build 2902540 Wed May 27 19:54:49 MDT 2020
| Date         : Thu Dec 17 14:08:29 2020
| Host         : Alienware-baileys running 64-bit major release  (build 9200)
| Command      : report_methodology -file lock_methodology_drc_routed.rpt -pb lock_methodology_drc_routed.pb -rpx lock_methodology_drc_routed.rpx
| Design       : lock
| Device       : xc7a35tcsg324-3
| Speed File   : -3
| Design State : Fully Routed
--------------------------------------------------------------------------------------------------------------------------------------------------

Report Methodology

Table of Contents
-----------------
1. REPORT SUMMARY
2. REPORT DETAILS

1. REPORT SUMMARY
-----------------
            Netlist: netlist
          Floorplan: design_1
      Design limits: <entire design considered>
             Max violations: <unlimited>
             Violations found: 37
+-----------+----------+-------------------------------+------------+
| Rule      | Severity | Description                   | Violations |
+-----------+----------+-------------------------------+------------+
| TIMING-18 | Warning  | Missing input or output delay | 37         |
+-----------+----------+-------------------------------+------------+

2. REPORT DETAILS
-----------------
TIMING-18#1 Warning
Missing input or output delay  
An input delay is missing on Change_Button relative to clock(s) CLK
Related violations: <none>

TIMING-18#2 Warning
Missing input or output delay  
An input delay is missing on Down_Button relative to clock(s) CLK
Related violations: <none>

TIMING-18#3 Warning
Missing input or output delay  
An input delay is missing on Left_Button relative to clock(s) CLK
Related violations: <none>

TIMING-18#4 Warning
Missing input or output delay  
An input delay is missing on Middle_Button relative to clock(s) CLK
Related violations: <none>

TIMING-18#5 Warning
Missing input or output delay  
An input delay is missing on RST relative to clock(s) CLK
Related violations: <none>

TIMING-18#6 Warning
Missing input or output delay  
An input delay is missing on Right_Button relative to clock(s) CLK
Related violations: <none>

TIMING-18#7 Warning
Missing input or output delay  
An input delay is missing on Up_Button relative to clock(s) CLK
Related violations: <none>

TIMING-18#8 Warning
Missing input or output delay  
An output delay is missing on Led_Bit[0] relative to clock(s) CLK
Related violations: <none>

TIMING-18#9 Warning
Missing input or output delay  
An output delay is missing on Led_Bit[1] relative to clock(s) CLK
Related violations: <none>

TIMING-18#10 Warning
Missing input or output delay  
An output delay is missing on Led_Bit[2] relative to clock(s) CLK
Related violations: <none>

TIMING-18#11 Warning
Missing input or output delay  
An output delay is missing on Led_Bit[3] relative to clock(s) CLK
Related violations: <none>

TIMING-18#12 Warning
Missing input or output delay  
An output delay is missing on Led_Bit[4] relative to clock(s) CLK
Related violations: <none>

TIMING-18#13 Warning
Missing input or output delay  
An output delay is missing on Led_Bit[5] relative to clock(s) CLK
Related violations: <none>

TIMING-18#14 Warning
Missing input or output delay  
An output delay is missing on Led_Bit[6] relative to clock(s) CLK
Related violations: <none>

TIMING-18#15 Warning
Missing input or output delay  
An output delay is missing on Led_Bit[7] relative to clock(s) CLK
Related violations: <none>

TIMING-18#16 Warning
Missing input or output delay  
An output delay is missing on Led_character_1to4[0] relative to clock(s) CLK
Related violations: <none>

TIMING-18#17 Warning
Missing input or output delay  
An output delay is missing on Led_character_1to4[1] relative to clock(s) CLK
Related violations: <none>

TIMING-18#18 Warning
Missing input or output delay  
An output delay is missing on Led_character_1to4[2] relative to clock(s) CLK
Related violations: <none>

TIMING-18#19 Warning
Missing input or output delay  
An output delay is missing on Led_character_1to4[3] relative to clock(s) CLK
Related violations: <none>

TIMING-18#20 Warning
Missing input or output delay  
An output delay is missing on Led_character_1to4[4] relative to clock(s) CLK
Related violations: <none>

TIMING-18#21 Warning
Missing input or output delay  
An output delay is missing on Led_character_1to4[5] relative to clock(s) CLK
Related violations: <none>

TIMING-18#22 Warning
Missing input or output delay  
An output delay is missing on Led_character_1to4[6] relative to clock(s) CLK
Related violations: <none>

TIMING-18#23 Warning
Missing input or output delay  
An output delay is missing on Led_character_4to8[0] relative to clock(s) CLK
Related violations: <none>

TIMING-18#24 Warning
Missing input or output delay  
An output delay is missing on Led_character_4to8[1] relative to clock(s) CLK
Related violations: <none>

TIMING-18#25 Warning
Missing input or output delay  
An output delay is missing on Led_character_4to8[2] relative to clock(s) CLK
Related violations: <none>

TIMING-18#26 Warning
Missing input or output delay  
An output delay is missing on Led_character_4to8[3] relative to clock(s) CLK
Related violations: <none>

TIMING-18#27 Warning
Missing input or output delay  
An output delay is missing on Led_character_4to8[4] relative to clock(s) CLK
Related violations: <none>

TIMING-18#28 Warning
Missing input or output delay  
An output delay is missing on Led_character_4to8[5] relative to clock(s) CLK
Related violations: <none>

TIMING-18#29 Warning
Missing input or output delay  
An output delay is missing on Led_character_4to8[6] relative to clock(s) CLK
Related violations: <none>

TIMING-18#30 Warning
Missing input or output delay  
An output delay is missing on Waterfall_Light[0] relative to clock(s) CLK
Related violations: <none>

TIMING-18#31 Warning
Missing input or output delay  
An output delay is missing on Waterfall_Light[1] relative to clock(s) CLK
Related violations: <none>

TIMING-18#32 Warning
Missing input or output delay  
An output delay is missing on Waterfall_Light[2] relative to clock(s) CLK
Related violations: <none>

TIMING-18#33 Warning
Missing input or output delay  
An output delay is missing on Waterfall_Light[3] relative to clock(s) CLK
Related violations: <none>

TIMING-18#34 Warning
Missing input or output delay  
An output delay is missing on Waterfall_Light[4] relative to clock(s) CLK
Related violations: <none>

TIMING-18#35 Warning
Missing input or output delay  
An output delay is missing on Waterfall_Light[5] relative to clock(s) CLK
Related violations: <none>

TIMING-18#36 Warning
Missing input or output delay  
An output delay is missing on Waterfall_Light[6] relative to clock(s) CLK
Related violations: <none>

TIMING-18#37 Warning
Missing input or output delay  
An output delay is missing on Waterfall_Light[7] relative to clock(s) CLK
Related violations: <none>


